<?xml version="1.0" encoding="UTF-8"?>
<testng-results ignored="0" total="2" passed="2" failed="0" skipped="0">
  <reporter-output>
  </reporter-output>
  <suite started-at="2024-12-10T18:29:31 IST" name="Surefire suite" finished-at="2024-12-10T18:29:48 IST" duration-ms="16420">
    <groups>
    </groups>
    <test started-at="2024-12-10T18:29:31 IST" name="Surefire test" finished-at="2024-12-10T18:29:48 IST" duration-ms="16420">
      <class name="Runner.TestRunner">
        <test-method signature="validateLoginType2()[pri:0, instance:Runner.TestRunner@78b1cc93]" started-at="2024-12-10T18:29:32 IST" name="validateLoginType2" finished-at="2024-12-10T18:29:41 IST" duration-ms="9365" status="PASS">
          <reporter-output>
          </reporter-output>
        </test-method> <!-- validateLoginType2 -->
      </class> <!-- Runner.TestRunner -->
      <class name="Runner.TestRunnerUsingPageObjectManager">
        <test-method signature="validateLoginType2()[pri:0, instance:Runner.TestRunnerUsingPageObjectManager@2aa5fe93]" started-at="2024-12-10T18:29:41 IST" name="validateLoginType2" finished-at="2024-12-10T18:29:48 IST" duration-ms="6984" status="PASS">
          <reporter-output>
          </reporter-output>
        </test-method> <!-- validateLoginType2 -->
      </class> <!-- Runner.TestRunnerUsingPageObjectManager -->
    </test> <!-- Surefire test -->
  </suite> <!-- Surefire suite -->
</testng-results>
