<?xml version="1.0" encoding="UTF-8"?>
<testng-results ignored="0" total="1" passed="1" failed="0" skipped="0">
  <reporter-output>
  </reporter-output>
  <suite started-at="2024-12-10T12:28:23 IST" name="Default suite" finished-at="2024-12-10T12:28:33 IST" duration-ms="9926">
    <groups>
    </groups>
    <test started-at="2024-12-10T12:28:23 IST" name="Default test" finished-at="2024-12-10T12:28:33 IST" duration-ms="9926">
      <class name="Runner.TestRunner">
        <test-method signature="validateLoginType2()[pri:0, instance:Runner.TestRunner@35e2d654]" started-at="2024-12-10T12:28:23 IST" name="validateLoginType2" finished-at="2024-12-10T12:28:33 IST" duration-ms="9834" status="PASS">
          <reporter-output>
          </reporter-output>
        </test-method> <!-- validateLoginType2 -->
      </class> <!-- Runner.TestRunner -->
    </test> <!-- Default test -->
  </suite> <!-- Default suite -->
</testng-results>
